<?xml version="1.0" encoding="UTF-8"?>
<!-- Generated by org.testng.reporters.JUnitXMLReporter -->
<testsuite hostname="DESKTOP-LTDEOOK" ignored="0" name="Test" tests="2" failures="1" timestamp="2019-10-23T17:06:05 IST" time="27.985" errors="0">
  <testcase name="feature" time="8.461" classname="cucumber.api.testng.AbstractTestNGCucumberTests"/>
  <testcase name="feature" time="18.355" classname="cucumber.api.testng.AbstractTestNGCucumberTests">
    <failure type="cucumber.runtime.CucumberException" message="java.lang.NullPointerException">
      <![CDATA[cucumber.runtime.CucumberException: java.lang.NullPointerException
at cucumber.api.testng.TestNGCucumberRunner.runCucumber(TestNGCucumberRunner.java:69)
at cucumber.api.testng.AbstractTestNGCucumberTests.feature(AbstractTestNGCucumberTests.java:21)
at java.util.ArrayList.forEach(ArrayList.java:1257)
Caused by: java.lang.NullPointerException
at org.openqa.selenium.support.pagefactory.internal.LocatingElementHandler.invoke(LocatingElementHandler.java:51)
at com.sun.proxy.$Proxy21.getCoordinates(Unknown Source)
at org.openqa.selenium.interactions.internal.MouseAction.getActionLocation(MouseAction.java:65)
at org.openqa.selenium.interactions.MoveMouseAction.perform(MoveMouseAction.java:43)
at org.openqa.selenium.interactions.CompositeAction.perform(CompositeAction.java:36)
at org.openqa.selenium.interactions.Actions$BuiltAction.perform(Actions.java:641)
at org.openqa.selenium.interactions.Actions.perform(Actions.java:594)
at pages.actions.CarsGuideHomePageActions.moveToCarsForSaleMenu(CarsGuideHomePageActions.java:23)
at steps.SearchCarsSteps.i_move_to_Car_For_Sale_Menu(SearchCarsSteps.java:33)
at ✽.When I move to Car For Sale Menu(SearchCars.feature:12)
... Removed 31 stack frames]]>
    </failure>
  </testcase> <!-- feature -->
</testsuite> <!-- Test -->
